#
# There is insufficient memory for the Java Runtime Environment to continue.
# Native memory allocation (malloc) failed to allocate 32744 bytes for ChunkPool::allocate
# Possible reasons:
#   The system is out of physical RAM or swap space
#   In 32 bit mode, the process size limit was hit
# Possible solutions:
#   Reduce memory load on the system
#   Increase physical memory or swap space
#   Check if swap backing store is full
#   Use 64 bit Java on a 64 bit OS
#   Decrease Java heap size (-Xmx/-Xms)
#   Decrease number of Java threads
#   Decrease Java thread stack sizes (-Xss)
#   Set larger code cache with -XX:ReservedCodeCacheSize=
# This output file may be truncated or incomplete.
#
#  Out of Memory Error (allocation.cpp:273), pid=19916, tid=0x0000000000003348
#
# JRE version: OpenJDK Runtime Environment (8.0_152-b02) (build 1.8.0_152-release-1024-b02)
# Java VM: OpenJDK 64-Bit Server VM (25.152-b02 mixed mode windows-amd64 compressed oops)
# Failed to write core dump. Minidumps are not enabled by default on client versions of Windows
#

---------------  T H R E A D  ---------------

Current thread (0x00000000167b1000):  JavaThread "C2 CompilerThread0" daemon [_thread_in_native, id=13128, stack(0x0000000017df0000,0x0000000017ef0000)]

Stack: [0x0000000017df0000,0x0000000017ef0000]
[error occurred during error reporting (printing stack bounds), id 0xc0000005]

Native frames: (J=compiled Java code, j=interpreted, Vv=VM code, C=native code)


Current CompileTask:
C2:   3770 1385       4       java.net.URLClassLoader$1::run (5 bytes)


---------------  P R O C E S S  ---------------

Java Threads: ( => current thread )
  0x000000001b51f000 JavaThread "Cache worker for file hash cache (C:\Users\Ng Hsiao Jiet\AndroidStudioProjects\payup-lah\.gradle\4.4\fileHashes)" [_thread_blocked, id=1260, stack(0x000000001c310000,0x000000001c410000)]
  0x0000000019549800 JavaThread "File lock request listener" [_thread_in_native, id=23384, stack(0x000000001c210000,0x000000001c310000)]
  0x0000000019a5d800 JavaThread "Cache worker for file hash cache (C:\Users\Ng Hsiao Jiet\.gradle\caches\4.4\fileHashes)" [_thread_blocked, id=11768, stack(0x000000001c110000,0x000000001c210000)]
  0x000000001945f000 JavaThread "Stdin handler" [_thread_blocked, id=20636, stack(0x000000001ae40000,0x000000001af40000)]
  0x000000001945e800 JavaThread "Asynchronous log dispatcher for DefaultDaemonConnection: socket connection from /127.0.0.1:57456 to /127.0.0.1:57458" [_thread_blocked, id=23956, stack(0x000000001ad40000,0x000000001ae40000)]
  0x0000000019455800 JavaThread "Daemon worker" [_thread_in_vm, id=22076, stack(0x000000001ac40000,0x000000001ad40000)]
  0x000000001964a800 JavaThread "Cancel handler" [_thread_blocked, id=18108, stack(0x000000001ab40000,0x000000001ac40000)]
  0x0000000019636000 JavaThread "Handler for socket connection from /127.0.0.1:57456 to /127.0.0.1:57458" [_thread_in_native, id=19384, stack(0x000000001a840000,0x000000001a940000)]
  0x00000000198a1000 JavaThread "Daemon" [_thread_blocked, id=11268, stack(0x000000001a740000,0x000000001a840000)]
  0x00000000192f2000 JavaThread "Daemon periodic checks" [_thread_blocked, id=19800, stack(0x000000001a640000,0x000000001a740000)]
  0x00000000196c1800 JavaThread "Incoming local TCP Connector on port 57456" [_thread_in_native, id=4608, stack(0x000000001a400000,0x000000001a500000)]
  0x0000000018128800 JavaThread "Service Thread" daemon [_thread_blocked, id=18584, stack(0x00000000184f0000,0x00000000185f0000)]
  0x00000000167d5800 JavaThread "C1 CompilerThread2" daemon [_thread_blocked, id=8604, stack(0x0000000017ff0000,0x00000000180f0000)]
  0x00000000167b7800 JavaThread "C2 CompilerThread1" daemon [_thread_in_native, id=24548, stack(0x0000000017ef0000,0x0000000017ff0000)]
=>0x00000000167b1000 JavaThread "C2 CompilerThread0" daemon [_thread_in_native, id=13128, stack(0x0000000017df0000,0x0000000017ef0000)]
  0x00000000167af000 JavaThread "Attach Listener" daemon [_thread_blocked, id=14604, stack(0x0000000017cf0000,0x0000000017df0000)]
  0x00000000167ac000 JavaThread "Signal Dispatcher" daemon [_thread_blocked, id=24008, stack(0x0000000017bf0000,0x0000000017cf0000)]
  0x0000000016798800 JavaThread "Finalizer" daemon [_thread_blocked, id=18340, stack(0x0000000017a00000,0x0000000017b00000)]
  0x0000000002e32000 JavaThread "Reference Handler" daemon [_thread_blocked, id=17560, stack(0x0000000017900000,0x0000000017a00000)]
  0x0000000002d42800 JavaThread "main" [_thread_blocked, id=17016, stack(0x0000000002b50000,0x0000000002c50000)]

Other Threads:
  0x0000000016776800 VMThread [stack: 0x0000000017800000,0x0000000017900000] [id=3708]
  0x000000001680e800 WatcherThread [stack: 0x00000000185f0000,0x00000000186f0000] [id=15744]

VM state:not at safepoint (normal execution)

VM Mutex/Monitor currently owned by a thread: None

Heap:
 PSYoungGen      total 38400K, used 12568K [0x00000000e0000000, 0x00000000e2a80000, 0x0000000100000000)
  eden space 33280K, 22% used [0x00000000e0000000,0x00000000e074df80,0x00000000e2080000)
  from space 5120K, 99% used [0x00000000e2080000,0x00000000e25781c8,0x00000000e2580000)
  to   space 5120K, 0% used [0x00000000e2580000,0x00000000e2580000,0x00000000e2a80000)
 ParOldGen       total 87552K, used 2063K [0x00000000a0000000, 0x00000000a5580000, 0x00000000e0000000)
  object space 87552K, 2% used [0x00000000a0000000,0x00000000a0203e58,0x00000000a5580000)
 Metaspace       used 14933K, capacity 15254K, committed 15360K, reserved 1062912K
  class space    used 2096K, capacity 2219K, committed 2304K, reserved 1048576K

Card table byte_map: [0x0000000012200000,0x0000000012510000] byte_map_base: 0x0000000011d00000

Marking Bits: (ParMarkBitMap*) 0x0000000065d84970
 Begin Bits: [0x0000000012b10000, 0x0000000014310000)
 End Bits:   [0x0000000014310000, 0x0000000015b10000)

Polling page: 0x0000000001070000

CodeCache: size=245760Kb used=5077Kb max_used=5077Kb free=240682Kb
 bounds [0x0000000002e40000, 0x0000000003340000, 0x0000000011e40000]
 total_blobs=1845 nmethods=1475 adapters=283
 compilation: enabled

Compilation events (10 events):
Event: 3.666 Thread 0x00000000167d5800 1479       3       sun.misc.ProxyGenerator$ConstantPool::getMethodRef (33 bytes)
Event: 3.666 Thread 0x00000000167d5800 nmethod 1479 0x0000000003333950 code [0x0000000003333be0, 0x0000000003334988]
Event: 3.670 Thread 0x00000000167d5800 1480       3       org.gradle.internal.service.DefaultServiceRegistry$SingletonService::getFactory (20 bytes)
Event: 3.671 Thread 0x00000000167d5800 nmethod 1480 0x0000000003335490 code [0x0000000003335620, 0x0000000003335978]
Event: 3.671 Thread 0x00000000167d5800 1481       3       java.util.ArrayList::toArray (60 bytes)
Event: 3.671 Thread 0x00000000167d5800 nmethod 1481 0x0000000003335a90 code [0x0000000003335c20, 0x00000000033361d8]
Event: 3.671 Thread 0x00000000167d5800 1482       3       org.gradle.internal.service.DefaultServiceRegistry$CachingProvider::cacheServiceProvider (24 bytes)
Event: 3.671 Thread 0x00000000167d5800 nmethod 1482 0x0000000003336310 code [0x0000000003336480, 0x0000000003336708]
Event: 3.675 Thread 0x00000000167d5800 1483       3       org.gradle.internal.service.DefaultServiceRegistry::hasService (15 bytes)
Event: 3.675 Thread 0x00000000167d5800 nmethod 1483 0x00000000033367d0 code [0x00000000033369a0, 0x00000000033370e8]

GC Heap History (6 events):
Event: 1.237 GC heap before
{Heap before GC invocations=1 (full 0):
 PSYoungGen      total 38400K, used 33280K [0x00000000e0000000, 0x00000000e2a80000, 0x0000000100000000)
  eden space 33280K, 100% used [0x00000000e0000000,0x00000000e2080000,0x00000000e2080000)
  from space 5120K, 0% used [0x00000000e2580000,0x00000000e2580000,0x00000000e2a80000)
  to   space 5120K, 0% used [0x00000000e2080000,0x00000000e2080000,0x00000000e2580000)
 ParOldGen       total 87552K, used 0K [0x00000000a0000000, 0x00000000a5580000, 0x00000000e0000000)
  object space 87552K, 0% used [0x00000000a0000000,0x00000000a0000000,0x00000000a5580000)
 Metaspace       used 6917K, capacity 7054K, committed 7424K, reserved 1056768K
  class space    used 841K, capacity 907K, committed 1024K, reserved 1048576K
Event: 1.244 GC heap after
Heap after GC invocations=1 (full 0):
 PSYoungGen      total 38400K, used 4197K [0x00000000e0000000, 0x00000000e2a80000, 0x0000000100000000)
  eden space 33280K, 0% used [0x00000000e0000000,0x00000000e0000000,0x00000000e2080000)
  from space 5120K, 81% used [0x00000000e2080000,0x00000000e24995f8,0x00000000e2580000)
  to   space 5120K, 0% used [0x00000000e2580000,0x00000000e2580000,0x00000000e2a80000)
 ParOldGen       total 87552K, used 8K [0x00000000a0000000, 0x00000000a5580000, 0x00000000e0000000)
  object space 87552K, 0% used [0x00000000a0000000,0x00000000a0002000,0x00000000a5580000)
 Metaspace       used 6917K, capacity 7054K, committed 7424K, reserved 1056768K
  class space    used 841K, capacity 907K, committed 1024K, reserved 1048576K
}
Event: 2.711 GC heap before
{Heap before GC invocations=2 (full 0):
 PSYoungGen      total 38400K, used 37477K [0x00000000e0000000, 0x00000000e2a80000, 0x0000000100000000)
  eden space 33280K, 100% used [0x00000000e0000000,0x00000000e2080000,0x00000000e2080000)
  from space 5120K, 81% used [0x00000000e2080000,0x00000000e24995f8,0x00000000e2580000)
  to   space 5120K, 0% used [0x00000000e2580000,0x00000000e2580000,0x00000000e2a80000)
 ParOldGen       total 87552K, used 8K [0x00000000a0000000, 0x00000000a5580000, 0x00000000e0000000)
  object space 87552K, 0% used [0x00000000a0000000,0x00000000a0002000,0x00000000a5580000)
 Metaspace       used 10781K, capacity 11080K, committed 11264K, reserved 1058816K
  class space    used 1416K, capacity 1518K, committed 1536K, reserved 1048576K
Event: 2.717 GC heap after
Heap after GC invocations=2 (full 0):
 PSYoungGen      total 38400K, used 5099K [0x00000000e0000000, 0x00000000e2a80000, 0x0000000100000000)
  eden space 33280K, 0% used [0x00000000e0000000,0x00000000e0000000,0x00000000e2080000)
  from space 5120K, 99% used [0x00000000e2580000,0x00000000e2a7ac38,0x00000000e2a80000)
  to   space 5120K, 0% used [0x00000000e2080000,0x00000000e2080000,0x00000000e2580000)
 ParOldGen       total 87552K, used 123K [0x00000000a0000000, 0x00000000a5580000, 0x00000000e0000000)
  object space 87552K, 0% used [0x00000000a0000000,0x00000000a001eff8,0x00000000a5580000)
 Metaspace       used 10781K, capacity 11080K, committed 11264K, reserved 1058816K
  class space    used 1416K, capacity 1518K, committed 1536K, reserved 1048576K
}
Event: 3.402 GC heap before
{Heap before GC invocations=3 (full 0):
 PSYoungGen      total 38400K, used 38379K [0x00000000e0000000, 0x00000000e2a80000, 0x0000000100000000)
  eden space 33280K, 100% used [0x00000000e0000000,0x00000000e2080000,0x00000000e2080000)
  from space 5120K, 99% used [0x00000000e2580000,0x00000000e2a7ac38,0x00000000e2a80000)
  to   space 5120K, 0% used [0x00000000e2080000,0x00000000e2080000,0x00000000e2580000)
 ParOldGen       total 87552K, used 123K [0x00000000a0000000, 0x00000000a5580000, 0x00000000e0000000)
  object space 87552K, 0% used [0x00000000a0000000,0x00000000a001eff8,0x00000000a5580000)
 Metaspace       used 14250K, capacity 14582K, committed 14720K, reserved 1062912K
  class space    used 1984K, capacity 2123K, committed 2176K, reserved 1048576K
Event: 3.413 GC heap after
Heap after GC invocations=3 (full 0):
 PSYoungGen      total 38400K, used 5088K [0x00000000e0000000, 0x00000000e2a80000, 0x0000000100000000)
  eden space 33280K, 0% used [0x00000000e0000000,0x00000000e0000000,0x00000000e2080000)
  from space 5120K, 99% used [0x00000000e2080000,0x00000000e25781c8,0x00000000e2580000)
  to   space 5120K, 0% used [0x00000000e2580000,0x00000000e2580000,0x00000000e2a80000)
 ParOldGen       total 87552K, used 2063K [0x00000000a0000000, 0x00000000a5580000, 0x00000000e0000000)
  object space 87552K, 2% used [0x00000000a0000000,0x00000000a0203e58,0x00000000a5580000)
 Metaspace       used 14250K, capacity 14582K, committed 14720K, reserved 1062912K
  class space    used 1984K, capacity 2123K, committed 2176K, reserved 1048576K
}

Deoptimization events (10 events):
Event: 1.927 Thread 0x0000000002d42800 Uncommon trap: reason=bimorphic action=maybe_recompile pc=0x00000000031a4020 method=java.util.HashMap.putVal(ILjava/lang/Object;Ljava/lang/Object;ZZ)Ljava/lang/Object; @ 203
Event: 2.105 Thread 0x0000000002d42800 Uncommon trap: reason=unstable_if action=reinterpret pc=0x000000000311bc50 method=java.io.WinNTFileSystem.normalize(Ljava/lang/String;)Ljava/lang/String; @ 128
Event: 2.105 Thread 0x0000000002d42800 Uncommon trap: reason=unstable_if action=reinterpret pc=0x00000000031811e8 method=java.io.WinNTFileSystem.normalize(Ljava/lang/String;II)Ljava/lang/String; @ 90
Event: 2.776 Thread 0x0000000019636000 Uncommon trap: reason=unstable_if action=reinterpret pc=0x00000000031fb69c method=java.util.concurrent.ConcurrentHashMap.putVal(Ljava/lang/Object;Ljava/lang/Object;Z)Ljava/lang/Object; @ 206
Event: 2.862 Thread 0x0000000019455800 Uncommon trap: reason=bimorphic action=maybe_recompile pc=0x00000000031a392c method=java.util.HashMap.putVal(ILjava/lang/Object;Ljava/lang/Object;ZZ)Ljava/lang/Object; @ 253
Event: 2.862 Thread 0x0000000019455800 Uncommon trap: reason=bimorphic action=maybe_recompile pc=0x00000000031a392c method=java.util.HashMap.putVal(ILjava/lang/Object;Ljava/lang/Object;ZZ)Ljava/lang/Object; @ 253
Event: 2.875 Thread 0x0000000019455800 Uncommon trap: reason=class_check action=maybe_recompile pc=0x000000000311f718 method=java.util.regex.Matcher.match(II)Z @ 86
Event: 3.256 Thread 0x0000000019455800 Uncommon trap: reason=class_check action=maybe_recompile pc=0x000000000311f718 method=java.util.regex.Matcher.match(II)Z @ 86
Event: 3.257 Thread 0x0000000019455800 Uncommon trap: reason=class_check action=maybe_recompile pc=0x00000000030dcc5c method=java.util.regex.Matcher.match(II)Z @ 86
Event: 3.469 Thread 0x0000000019455800 Uncommon trap: reason=unstable_if action=reinterpret pc=0x00000000032d66b4 method=java.lang.String.lastIndexOf([CII[CIII)I @ 66

Classes redefined (0 events):
No events

Internal exceptions (10 events):
Event: 2.795 Thread 0x0000000019636000 Exception <a 'java/lang/NoSuchMethodError': <clinit>> (0x00000000e02c0740) thrown at [D:\src\AOSP-openjdk-cygwin\jdk8u\hotspot\src\share\vm\prims\jni.cpp, line 1613]
Event: 2.796 Thread 0x0000000019636000 Exception <a 'java/lang/NoSuchMethodError': <clinit>> (0x00000000e02c9208) thrown at [D:\src\AOSP-openjdk-cygwin\jdk8u\hotspot\src\share\vm\prims\jni.cpp, line 1613]
Event: 2.798 Thread 0x0000000019636000 Exception <a 'java/lang/NoSuchMethodError': <clinit>> (0x00000000e02da9f0) thrown at [D:\src\AOSP-openjdk-cygwin\jdk8u\hotspot\src\share\vm\prims\jni.cpp, line 1613]
Event: 2.810 Thread 0x0000000019636000 Exception <a 'java/lang/NoSuchMethodError': <clinit>> (0x00000000e0340360) thrown at [D:\src\AOSP-openjdk-cygwin\jdk8u\hotspot\src\share\vm\prims\jni.cpp, line 1613]
Event: 2.816 Thread 0x0000000019636000 Exception <a 'java/lang/NoSuchMethodError': <clinit>> (0x00000000e0363ac0) thrown at [D:\src\AOSP-openjdk-cygwin\jdk8u\hotspot\src\share\vm\prims\jni.cpp, line 1613]
Event: 2.823 Thread 0x0000000019636000 Exception <a 'java/lang/NoSuchMethodError': <clinit>> (0x00000000e038dd30) thrown at [D:\src\AOSP-openjdk-cygwin\jdk8u\hotspot\src\share\vm\prims\jni.cpp, line 1613]
Event: 2.825 Thread 0x0000000019636000 Exception <a 'java/lang/NoSuchMethodError': <clinit>> (0x00000000e039b9c8) thrown at [D:\src\AOSP-openjdk-cygwin\jdk8u\hotspot\src\share\vm\prims\jni.cpp, line 1613]
Event: 2.828 Thread 0x0000000019636000 Exception <a 'java/lang/NoSuchMethodError': <clinit>> (0x00000000e03c0f28) thrown at [D:\src\AOSP-openjdk-cygwin\jdk8u\hotspot\src\share\vm\prims\jni.cpp, line 1613]
Event: 2.847 Thread 0x0000000019455800 Exception <a 'java/lang/NoSuchMethodError': <clinit>> (0x00000000e05086f8) thrown at [D:\src\AOSP-openjdk-cygwin\jdk8u\hotspot\src\share\vm\prims\jni.cpp, line 1613]
Event: 2.848 Thread 0x0000000019455800 Exception <a 'java/lang/NoSuchMethodError': <clinit>> (0x00000000e0510980) thrown at [D:\src\AOSP-openjdk-cygwin\jdk8u\hotspot\src\share\vm\prims\jni.cpp, line 1613]

Events (10 events):
Event: 3.717 loading class org/gradle/internal/typeconversion/TypeInfo
Event: 3.717 loading class org/gradle/internal/typeconversion/TypeInfo done
Event: 3.719 loading class org/gradle/internal/typeconversion/NotationConverterToNotationParserAdapter
Event: 3.719 loading class org/gradle/internal/typeconversion/NotationConverterToNotationParserAdapter done
Event: 3.719 loading class org/gradle/internal/typeconversion/NotationConvertResult
Event: 3.719 loading class org/gradle/internal/typeconversion/NotationConvertResult done
Event: 3.720 loading class org/gradle/internal/typeconversion/UnsupportedNotationException
Event: 3.720 loading class org/gradle/internal/typeconversion/UnsupportedNotationException done
Event: 3.720 loading class org/gradle/internal/typeconversion/TypeConversionException
Event: 3.720 loading class org/gradle/internal/typeconversion/TypeConversionException done


Dynamic libraries:
0x00007ff7f2b00000 - 0x00007ff7f2b31000 	C:\Program Files\Android\Android Studio\jre\bin\java.exe
0x00007ffed9e00000 - 0x00007ffed9fe1000 	C:\WINDOWS\SYSTEM32\ntdll.dll
0x00007ffec5580000 - 0x00007ffec55b4000 	C:\Program Files\AVAST Software\Avast\x64\aswhooka.dll
0x00007ffed94f0000 - 0x00007ffed95a2000 	C:\WINDOWS\System32\KERNEL32.DLL
0x00007ffed6e90000 - 0x00007ffed7103000 	C:\WINDOWS\System32\KERNELBASE.dll
0x00007ffed8930000 - 0x00007ffed89d1000 	C:\WINDOWS\System32\ADVAPI32.dll
0x00007ffed9c70000 - 0x00007ffed9d0e000 	C:\WINDOWS\System32\msvcrt.dll
0x00007ffed95b0000 - 0x00007ffed960b000 	C:\WINDOWS\System32\sechost.dll
0x00007ffed9b40000 - 0x00007ffed9c64000 	C:\WINDOWS\System32\RPCRT4.dll
0x00007ffed89e0000 - 0x00007ffed8b70000 	C:\WINDOWS\System32\USER32.dll
0x00007ffed6660000 - 0x00007ffed6680000 	C:\WINDOWS\System32\win32u.dll
0x00007ffed9610000 - 0x00007ffed9638000 	C:\WINDOWS\System32\GDI32.dll
0x00007ffed61d0000 - 0x00007ffed6362000 	C:\WINDOWS\System32\gdi32full.dll
0x00007ffed65c0000 - 0x00007ffed665f000 	C:\WINDOWS\System32\msvcp_win.dll
0x00007ffed6d90000 - 0x00007ffed6e8a000 	C:\WINDOWS\System32\ucrtbase.dll
0x00007ffecad50000 - 0x00007ffecafb9000 	C:\WINDOWS\WinSxS\amd64_microsoft.windows.common-controls_6595b64144ccf1df_6.0.17134.112_none_fb3f961b30681c12\COMCTL32.dll
0x00007ffed9810000 - 0x00007ffed9b33000 	C:\WINDOWS\System32\combase.dll
0x00007ffed7110000 - 0x00007ffed718a000 	C:\WINDOWS\System32\bcryptPrimitives.dll
0x00007ffed9380000 - 0x00007ffed93ad000 	C:\WINDOWS\System32\IMM32.DLL
0x0000000065290000 - 0x0000000065362000 	C:\Program Files\Android\Android Studio\jre\jre\bin\msvcr100.dll
0x00000000655c0000 - 0x0000000065dff000 	C:\Program Files\Android\Android Studio\jre\jre\bin\server\jvm.dll
0x00007ffed9dc0000 - 0x00007ffed9dc8000 	C:\WINDOWS\System32\PSAPI.DLL
0x00007ffec6560000 - 0x00007ffec6569000 	C:\WINDOWS\SYSTEM32\WSOCK32.dll
0x00007ffed9480000 - 0x00007ffed94ec000 	C:\WINDOWS\System32\WS2_32.dll
0x00007ffed1f20000 - 0x00007ffed1f43000 	C:\WINDOWS\SYSTEM32\WINMM.dll
0x00007ffecf150000 - 0x00007ffecf15a000 	C:\WINDOWS\SYSTEM32\VERSION.dll
0x00007ffed1ef0000 - 0x00007ffed1f1a000 	C:\WINDOWS\SYSTEM32\WINMMBASE.dll
0x00007ffed7190000 - 0x00007ffed71d9000 	C:\WINDOWS\System32\cfgmgr32.dll
0x00007ffed18b0000 - 0x00007ffed18bf000 	C:\Program Files\Android\Android Studio\jre\jre\bin\verify.dll
0x00007ffed0cc0000 - 0x00007ffed0ce9000 	C:\Program Files\Android\Android Studio\jre\jre\bin\java.dll
0x00007ffed1890000 - 0x00007ffed18a6000 	C:\Program Files\Android\Android Studio\jre\jre\bin\zip.dll
0x00007ffed7430000 - 0x00007ffed8870000 	C:\WINDOWS\System32\SHELL32.dll
0x00007ffed9670000 - 0x00007ffed9719000 	C:\WINDOWS\System32\shcore.dll
0x00007ffed6680000 - 0x00007ffed6d8d000 	C:\WINDOWS\System32\windows.storage.dll
0x00007ffed8ed0000 - 0x00007ffed8f21000 	C:\WINDOWS\System32\shlwapi.dll
0x00007ffed6140000 - 0x00007ffed6151000 	C:\WINDOWS\System32\kernel.appcore.dll
0x00007ffed61b0000 - 0x00007ffed61cf000 	C:\WINDOWS\System32\profapi.dll
0x00007ffed6160000 - 0x00007ffed61ac000 	C:\WINDOWS\System32\powrprof.dll
0x00007ffed6110000 - 0x00007ffed611a000 	C:\WINDOWS\System32\FLTLIB.DLL
0x00007ffec11c0000 - 0x00007ffec11da000 	C:\Program Files\Android\Android Studio\jre\jre\bin\net.dll
0x00007ffed5990000 - 0x00007ffed59f6000 	C:\WINDOWS\system32\mswsock.dll
0x00007ffec0fd0000 - 0x00007ffec0fe1000 	C:\Program Files\Android\Android Studio\jre\jre\bin\nio.dll
0x00007ffeb32f0000 - 0x00007ffeb330e000 	C:\Users\Ng Hsiao Jiet\.gradle\native\25\windows-amd64\native-platform.dll
0x00007ffec9620000 - 0x00007ffec962d000 	C:\Program Files\Android\Android Studio\jre\jre\bin\management.dll
0x00007ffed5b50000 - 0x00007ffed5b67000 	C:\WINDOWS\SYSTEM32\CRYPTSP.dll
0x00007ffed5570000 - 0x00007ffed55a3000 	C:\WINDOWS\system32\rsaenh.dll
0x00007ffed5c70000 - 0x00007ffed5c95000 	C:\WINDOWS\SYSTEM32\bcrypt.dll
0x00007ffed6010000 - 0x00007ffed6038000 	C:\WINDOWS\SYSTEM32\USERENV.dll
0x00007ffed5b40000 - 0x00007ffed5b4b000 	C:\WINDOWS\SYSTEM32\CRYPTBASE.dll
0x00007ffed5710000 - 0x00007ffed5748000 	C:\WINDOWS\SYSTEM32\IPHLPAPI.DLL
0x00007ffed9db0000 - 0x00007ffed9db8000 	C:\WINDOWS\System32\NSI.dll
0x00007ffecf0d0000 - 0x00007ffecf0e6000 	C:\WINDOWS\SYSTEM32\dhcpcsvc6.DLL
0x00007ffecdd90000 - 0x00007ffecddaa000 	C:\WINDOWS\SYSTEM32\dhcpcsvc.DLL

VM Arguments:
jvm_args: -Xmx1536m -Dfile.encoding=windows-1252 -Duser.country=SG -Duser.language=en -Duser.variant 
java_command: org.gradle.launcher.daemon.bootstrap.GradleDaemon 4.4
java_class_path (initial): C:\Users\Ng Hsiao Jiet\.gradle\wrapper\dists\gradle-4.4-all\9br9xq1tocpiv8o6njlyu5op1\gradle-4.4\lib\gradle-launcher-4.4.jar
Launcher Type: SUN_STANDARD

Environment Variables:
PATH=C:\Program Files (x86)\Common Files\Oracle\Java\javapath;C:\ProgramData\Oracle\Java\javapath;C:\Program Files (x86)\Common Files\Intel\Shared Libraries\redist\intel64\compiler;C:\Program Files\Microsoft MPI\Bin\;C:\Program Files (x86)\Intel\iCLS Client\;C:\Program Files\Intel\iCLS Client\;C:\Windows\system32;C:\Windows;C:\Windows\System32\Wbem;C:\Windows\System32\WindowsPowerShell\v1.0\;C:\Program Files (x86)\Intel\Intel(R) Management Engine Components\DAL;C:\Program Files\Intel\Intel(R) Management Engine Components\DAL;C:\Program Files (x86)\Intel\Intel(R) Management Engine Components\IPT;C:\Program Files\Intel\Intel(R) Management Engine Components\IPT;C:\Program Files (x86)\NVIDIA Corporation\PhysX\Common;C:\Program Files\Intel\WiFi\bin\;C:\Program Files\Common Files\Intel\WirelessCommon\;C:\WINDOWS\system32\config\systemprofile\.dnx\bin;C:\Program Files\Microsoft DNX\Dnvm\;C:\Program Files\Microsoft SQL Server\120\Tools\Binn\;C:\WINDOWS\system32;C:\WINDOWS;C:\WINDOWS\System32\Wbem;C:\WINDOWS\System32\WindowsPowerShell\v1.0\;C:\Program Files\dotnet\;C:\Program Files\Microsoft SQL Server\130\Tools\Binn\;C:\Program Files\Microsoft SQL Server\Client SDK\ODBC\130\Tools\Binn\;C:\Program Files (x86)\Microsoft SQL Server\140\Tools\Binn\;C:\Program Files\Microsoft SQL Server\140\Tools\Binn\;C:\Program Files\Microsoft SQL Server\140\DTS\Binn\;C:\Program Files (x86)\Microsoft SQL Server\Client SDK\ODBC\130\Tools\Binn\;C:\Program Files (x86)\Microsoft SQL Server\140\DTS\Binn\;C:\Program Files (x86)\Microsoft SQL Server\140\Tools\Binn\ManagementStudio\;C:\Program Files (x86)\Windows Live\Shared;C:\Program Files\PuTTY\;C:\Program Files (x86)\Gpg4win\..\GnuPG\bin;C:\WINDOWS\System32\OpenSSH\;C:\Program Files\Git\cmd;C:\Program Files (x86)\Bitvise SSH Client;C:\Users\Ng Hsiao Jiet\AppData\Local\Microsoft\WindowsApps;
USERNAME=Ng Hsiao Jiet
OS=Windows_NT
PROCESSOR_IDENTIFIER=Intel64 Family 6 Model 142 Stepping 9, GenuineIntel



---------------  S Y S T E M  ---------------

OS: Windows 10.0 , 64 bit Build 17134 (10.0.17134.1)

CPU:total 4 (initial active 4) (2 cores per cpu, 2 threads per core) family 6 model 142 stepping 9, cmov, cx8, fxsr, mmx, sse, sse2, sse3, ssse3, sse4.1, sse4.2, popcnt, avx, avx2, aes, clmul, erms, 3dnowpref, lzcnt, ht, tsc, tscinvbit, bmi1, bmi2, adx

Memory: 4k page, physical 8266100k(999388k free), swap 15434100k(2116k free)

vm_info: OpenJDK 64-Bit Server VM (25.152-b02) for windows-amd64 JRE (1.8.0_152-release-1024-b02), built by "builder" with MS VC++ 10.0 (VS2010)

time: Wed Jul 18 15:17:43 2018
elapsed time: 3 seconds (0d 0h 0m 3s)

